2025-11-15 21:11:28,825 - INFO - ================================================================================
2025-11-15 21:11:28,827 - INFO - REFINED TOPIC MODELING PIPELINE STARTED
2025-11-15 21:11:28,827 - INFO - ================================================================================
2025-11-15 21:11:29,277 - INFO - spaCy model loaded successfully
2025-11-15 21:11:29,280 - INFO - Found 223 PDF files
2025-11-15 21:11:46,003 - INFO - Successfully extracted 223 documents
2025-11-15 21:15:16,341 - INFO - collecting all words and their counts
2025-11-15 21:15:16,341 - INFO - PROGRESS: at sentence #0, processed 0 words and 0 word types
2025-11-15 21:15:17,578 - INFO - collected 614421 token types (unigram + bigrams) from a corpus of 1327160 words and 223 sentences
2025-11-15 21:15:17,578 - INFO - merged Phrases<614421 vocab, min_count=5, threshold=100, max_vocab_size=40000000>
2025-11-15 21:15:17,614 - INFO - Phrases lifecycle event {'msg': 'built Phrases<614421 vocab, min_count=5, threshold=100, max_vocab_size=40000000> in 1.24s', 'datetime': '2025-11-15T21:15:17.578578', 'gensim': '4.4.0', 'python': '3.12.10 (tags/v3.12.10:0cc8128, Apr  8 2025, 12:21:36) [MSC v.1943 64 bit (AMD64)]', 'platform': 'Windows-11-10.0.26100-SP0', 'event': 'created'}
2025-11-15 21:15:17,616 - INFO - exporting phrases from Phrases<614421 vocab, min_count=5, threshold=100, max_vocab_size=40000000>
2025-11-15 21:15:18,387 - INFO - FrozenPhrases lifecycle event {'msg': 'exported FrozenPhrases<2023 phrases, min_count=5, threshold=100> from Phrases<614421 vocab, min_count=5, threshold=100, max_vocab_size=40000000> in 0.77s', 'datetime': '2025-11-15T21:15:18.387520', 'gensim': '4.4.0', 'python': '3.12.10 (tags/v3.12.10:0cc8128, Apr  8 2025, 12:21:36) [MSC v.1943 64 bit (AMD64)]', 'platform': 'Windows-11-10.0.26100-SP0', 'event': 'created'}
2025-11-15 21:15:19,042 - INFO - collecting all words and their counts
2025-11-15 21:15:19,042 - INFO - PROGRESS: at sentence #0, processed 0 words and 0 word types
2025-11-15 21:15:20,164 - INFO - collected 634154 token types (unigram + bigrams) from a corpus of 1262029 words and 223 sentences
2025-11-15 21:15:20,164 - INFO - merged Phrases<634154 vocab, min_count=5, threshold=100, max_vocab_size=40000000>
2025-11-15 21:15:20,164 - INFO - Phrases lifecycle event {'msg': 'built Phrases<634154 vocab, min_count=5, threshold=100, max_vocab_size=40000000> in 1.12s', 'datetime': '2025-11-15T21:15:20.164070', 'gensim': '4.4.0', 'python': '3.12.10 (tags/v3.12.10:0cc8128, Apr  8 2025, 12:21:36) [MSC v.1943 64 bit (AMD64)]', 'platform': 'Windows-11-10.0.26100-SP0', 'event': 'created'}
2025-11-15 21:15:20,164 - INFO - exporting phrases from Phrases<634154 vocab, min_count=5, threshold=100, max_vocab_size=40000000>
2025-11-15 21:15:20,972 - INFO - FrozenPhrases lifecycle event {'msg': 'exported FrozenPhrases<2452 phrases, min_count=5, threshold=100> from Phrases<634154 vocab, min_count=5, threshold=100, max_vocab_size=40000000> in 0.81s', 'datetime': '2025-11-15T21:15:20.972410', 'gensim': '4.4.0', 'python': '3.12.10 (tags/v3.12.10:0cc8128, Apr  8 2025, 12:21:36) [MSC v.1943 64 bit (AMD64)]', 'platform': 'Windows-11-10.0.26100-SP0', 'event': 'created'}
2025-11-15 21:15:21,728 - INFO - adding document #0 to Dictionary<0 unique tokens: []>
2025-11-15 21:15:22,274 - INFO - built Dictionary<36851 unique tokens: ['ability', 'abiotic_stress', 'able', 'absence', 'absolute']...> from 223 documents (total 1245571 corpus positions)
2025-11-15 21:15:22,274 - INFO - Dictionary lifecycle event {'msg': "built Dictionary<36851 unique tokens: ['ability', 'abiotic_stress', 'able', 'absence', 'absolute']...> from 223 documents (total 1245571 corpus positions)", 'datetime': '2025-11-15T21:15:22.274263', 'gensim': '4.4.0', 'python': '3.12.10 (tags/v3.12.10:0cc8128, Apr  8 2025, 12:21:36) [MSC v.1943 64 bit (AMD64)]', 'platform': 'Windows-11-10.0.26100-SP0', 'event': 'created'}
2025-11-15 21:15:22,274 - INFO - Vocabulary pruning: no_below=5, no_above=0.85
2025-11-15 21:15:22,293 - INFO - discarding 26684 tokens: [('accommodative', 1), ('achieve', 208), ('activity', 196), ('add', 206), ('addition', 208), ('advantage', 196), ('advantageously', 4), ('agal', 2), ('alkanoate', 2), ('allelochemical', 1)]...
2025-11-15 21:15:22,293 - INFO - keeping 10167 tokens which were in no less than 5 and no more than 189 (=85.0%) documents
2025-11-15 21:15:22,306 - INFO - resulting dictionary: Dictionary<10167 unique tokens: ['ability', 'abiotic_stress', 'able', 'absence', 'absolute']...>
2025-11-15 21:15:22,308 - INFO - Final vocabulary size: 10167
2025-11-15 21:15:22,611 - INFO - Corpus created with 223 documents
2025-11-15 21:15:22,613 - INFO - Training 19 models from k=2 to k=20
2025-11-15 21:15:22,613 - INFO - Training model with k=2
2025-11-15 21:15:22,614 - INFO - using autotuned alpha, starting with [np.float32(0.5), np.float32(0.5)]
2025-11-15 21:15:22,614 - INFO - using serial LDA version on this node
2025-11-15 21:15:22,616 - INFO - running online (multi-pass) LDA training, 2 topics, 10 passes over the supplied corpus of 223 documents, updating model once every 100 documents, evaluating perplexity every 223 documents, iterating 400x with a convergence threshold of 0.001000
2025-11-15 21:15:22,617 - INFO - PROGRESS: pass 0, at document #100/223
2025-11-15 21:15:23,094 - INFO - optimized alpha [np.float32(0.8609405), np.float32(0.82570946)]
2025-11-15 21:15:23,095 - INFO - merging changes from 100 documents into a model of 223 documents
2025-11-15 21:15:23,097 - INFO - topic #0 (0.861): 0.004*"biogas" + 0.004*"catalyst" + 0.004*"removal" + 0.004*"bioresour_technol" + 0.003*"efficiency" + 0.003*"reaction" + 0.003*"anaerobic_digestion" + 0.003*"methane" + 0.003*"hydrogen" + 0.003*"utilize"
2025-11-15 21:15:23,097 - INFO - topic #1 (0.826): 0.004*"pyrolysis" + 0.003*"crop" + 0.003*"removal" + 0.003*"dioxide" + 0.003*"hydrogen" + 0.003*"ethanol" + 0.003*"acid" + 0.003*"day" + 0.003*"policy" + 0.003*"bioresour_technol"
2025-11-15 21:15:23,097 - INFO - topic diff=1.364069, rho=1.000000
2025-11-15 21:15:23,102 - WARNING - updated prior is not positive
2025-11-15 21:15:23,102 - INFO - PROGRESS: pass 0, at document #200/223
2025-11-15 21:15:23,539 - INFO - optimized alpha [np.float32(0.58843803), np.float32(0.7011571)]
2025-11-15 21:15:23,539 - INFO - merging changes from 100 documents into a model of 223 documents
2025-11-15 21:15:23,541 - INFO - topic #0 (0.588): 0.004*"biogas" + 0.004*"removal" + 0.004*"bioresour_technol" + 0.003*"catalyst" + 0.003*"efficiency" + 0.003*"hydrogen" + 0.003*"biorefinery" + 0.003*"accumulation" + 0.003*"reaction" + 0.003*"utilize"
2025-11-15 21:15:23,541 - INFO - topic #1 (0.701): 0.004*"hydrogen" + 0.003*"ethanol" + 0.003*"crop" + 0.003*"removal" + 0.003*"pyrolysis" + 0.003*"bioethanol" + 0.003*"policy" + 0.002*"dioxide" + 0.002*"bioresour_technol" + 0.002*"open_pond"
2025-11-15 21:15:23,541 - INFO - topic diff=0.472064, rho=0.707107
2025-11-15 21:15:23,658 - INFO - -8.197 per-word bound, 293.4 perplexity estimate based on a held-out corpus of 23 documents with 58046 words
2025-11-15 21:15:23,658 - INFO - PROGRESS: pass 0, at document #223/223
2025-11-15 21:15:23,721 - WARNING - updated prior is not positive
2025-11-15 21:15:23,721 - INFO - optimized alpha [np.float32(0.58843803), np.float32(0.7011571)]
2025-11-15 21:15:23,722 - INFO - merging changes from 23 documents into a model of 223 documents
2025-11-15 21:15:23,722 - INFO - topic #0 (0.588): 0.005*"biorefinery" + 0.004*"removal" + 0.004*"catalyst" + 0.004*"bioresour_technol" + 0.003*"synthesis" + 0.003*"reaction" + 0.003*"utilize" + 0.003*"efficiency" + 0.003*"biogas" + 0.003*"accumulation"
2025-11-15 21:15:23,722 - INFO - topic #1 (0.701): 0.005*"supply_chain" + 0.004*"scenario" + 0.003*"ethanol" + 0.003*"removal" + 0.003*"crop" + 0.003*"capacity" + 0.003*"parameter" + 0.003*"price" + 0.003*"bioreﬁnery" + 0.003*"location"
2025-11-15 21:15:23,722 - INFO - topic diff=0.558546, rho=0.577350
2025-11-15 21:15:23,727 - INFO - PROGRESS: pass 1, at document #100/223
2025-11-15 21:15:23,952 - INFO - optimized alpha [np.float32(0.43203923), np.float32(0.2480205)]
2025-11-15 21:15:23,952 - INFO - merging changes from 100 documents into a model of 223 documents
2025-11-15 21:15:23,954 - INFO - topic #0 (0.432): 0.004*"removal" + 0.004*"catalyst" + 0.004*"biogas" + 0.004*"bioresour_technol" + 0.004*"biorefinery" + 0.003*"efficiency" + 0.003*"reaction" + 0.003*"acid" + 0.003*"utilize" + 0.003*"hydrogen"
2025-11-15 21:15:23,954 - INFO - topic #1 (0.248): 0.004*"scenario" + 0.003*"crop" + 0.003*"ethanol" + 0.003*"supply_chain" + 0.003*"policy" + 0.003*"pyrolysis" + 0.003*"removal" + 0.002*"diesel" + 0.002*"price" + 0.002*"open_pond"
2025-11-15 21:15:23,954 - INFO - topic diff=0.324884, rho=0.486217
2025-11-15 21:15:23,959 - INFO - PROGRESS: pass 1, at document #200/223
2025-11-15 21:15:24,129 - INFO - optimized alpha [np.float32(0.21293834), np.float32(0.2085301)]
2025-11-15 21:15:24,129 - INFO - merging changes from 100 documents into a model of 223 documents
2025-11-15 21:15:24,130 - INFO - topic #0 (0.213): 0.004*"removal" + 0.004*"hydrogen" + 0.004*"catalyst" + 0.004*"bioresour_technol" + 0.004*"biorefinery" + 0.003*"biogas" + 0.003*"efficiency" + 0.003*"accumulation" + 0.003*"acid" + 0.003*"reaction"
2025-11-15 21:15:24,130 - INFO - topic #1 (0.209): 0.003*"ethanol" + 0.003*"crop" + 0.003*"policy" + 0.003*"scenario" + 0.003*"diesel" + 0.003*"country" + 0.002*"price" + 0.002*"open_pond" + 0.002*"hydrogen" + 0.002*"bioresour_technol"
2025-11-15 21:15:24,130 - INFO - topic diff=0.273623, rho=0.486217
2025-11-15 21:15:24,219 - INFO - -8.034 per-word bound, 262.2 perplexity estimate based on a held-out corpus of 23 documents with 58046 words
2025-11-15 21:15:24,219 - INFO - PROGRESS: pass 1, at document #223/223
2025-11-15 21:15:24,250 - INFO - optimized alpha [np.float32(0.1250557), np.float32(0.14029069)]
2025-11-15 21:15:24,250 - INFO - merging changes from 23 documents into a model of 223 documents
2025-11-15 21:15:24,252 - INFO - topic #0 (0.125): 0.005*"biorefinery" + 0.004*"removal" + 0.004*"catalyst" + 0.004*"bioresour_technol" + 0.003*"synthesis" + 0.003*"reaction" + 0.003*"utilize" + 0.003*"efficiency" + 0.003*"acid" + 0.003*"fatty_acid"
2025-11-15 21:15:24,252 - INFO - topic #1 (0.140): 0.006*"supply_chain" + 0.005*"scenario" + 0.003*"ethanol" + 0.003*"capacity" + 0.003*"crop" + 0.003*"price" + 0.003*"location" + 0.003*"parameter" + 0.003*"diﬀerent" + 0.003*"period"
2025-11-15 21:15:24,253 - INFO - topic diff=0.403926, rho=0.486217
2025-11-15 21:15:24,256 - INFO - PROGRESS: pass 2, at document #100/223
2025-11-15 21:15:24,400 - INFO - optimized alpha [np.float32(0.15247622), np.float32(0.1531128)]
2025-11-15 21:15:24,401 - INFO - merging changes from 100 documents into a model of 223 documents
2025-11-15 21:15:24,401 - INFO - topic #0 (0.152): 0.004*"removal" + 0.004*"catalyst" + 0.004*"bioresour_technol" + 0.004*"biorefinery" + 0.003*"biogas" + 0.003*"efficiency" + 0.003*"hydrogen" + 0.003*"acid" + 0.003*"reaction" + 0.003*"utilize"
2025-11-15 21:15:24,401 - INFO - topic #1 (0.153): 0.004*"scenario" + 0.004*"supply_chain" + 0.003*"ethanol" + 0.003*"crop" + 0.003*"policy" + 0.003*"diesel" + 0.003*"price" + 0.003*"unit" + 0.002*"country" + 0.002*"open_pond"
2025-11-15 21:15:24,401 - INFO - topic diff=0.272887, rho=0.437269
2025-11-15 21:15:24,406 - INFO - PROGRESS: pass 2, at document #200/223
2025-11-15 21:15:24,544 - INFO - optimized alpha [np.float32(0.16582073), np.float32(0.16505589)]
2025-11-15 21:15:24,545 - INFO - merging changes from 100 documents into a model of 223 documents
2025-11-15 21:15:24,545 - INFO - topic #0 (0.166): 0.004*"removal" + 0.004*"hydrogen" + 0.004*"catalyst" + 0.004*"bioresour_technol" + 0.003*"biorefinery" + 0.003*"biogas" + 0.003*"efficiency" + 0.003*"acid" + 0.003*"accumulation" + 0.003*"reaction"
2025-11-15 21:15:24,547 - INFO - topic #1 (0.165): 0.003*"ethanol" + 0.003*"scenario" + 0.003*"crop" + 0.003*"policy" + 0.003*"diesel" + 0.003*"country" + 0.003*"price" + 0.003*"supply_chain" + 0.002*"open_pond" + 0.002*"unit"
2025-11-15 21:15:24,547 - INFO - topic diff=0.234574, rho=0.437269
2025-11-15 21:15:24,629 - INFO - -8.000 per-word bound, 256.1 perplexity estimate based on a held-out corpus of 23 documents with 58046 words
2025-11-15 21:15:24,629 - INFO - PROGRESS: pass 2, at document #223/223
2025-11-15 21:15:24,654 - INFO - optimized alpha [np.float32(0.120561205), np.float32(0.124429256)]
2025-11-15 21:15:24,654 - INFO - merging changes from 23 documents into a model of 223 documents
2025-11-15 21:15:24,655 - INFO - topic #0 (0.121): 0.004*"biorefinery" + 0.004*"removal" + 0.004*"catalyst" + 0.004*"bioresour_technol" + 0.003*"reaction" + 0.003*"synthesis" + 0.003*"utilize" + 0.003*"hydrogen" + 0.003*"acid" + 0.003*"fatty_acid"
2025-11-15 21:15:24,655 - INFO - topic #1 (0.124): 0.006*"supply_chain" + 0.005*"scenario" + 0.003*"ethanol" + 0.003*"capacity" + 0.003*"crop" + 0.003*"price" + 0.003*"diﬀerent" + 0.003*"location" + 0.003*"parameter" + 0.003*"period"
2025-11-15 21:15:24,655 - INFO - topic diff=0.336871, rho=0.437269
2025-11-15 21:15:24,660 - INFO - PROGRESS: pass 3, at document #100/223
2025-11-15 21:15:24,784 - INFO - optimized alpha [np.float32(0.14828846), np.float32(0.14031263)]
2025-11-15 21:15:24,785 - INFO - merging changes from 100 documents into a model of 223 documents
2025-11-15 21:15:24,785 - INFO - topic #0 (0.148): 0.004*"removal" + 0.004*"catalyst" + 0.004*"bioresour_technol" + 0.004*"biorefinery" + 0.003*"hydrogen" + 0.003*"biogas" + 0.003*"acid" + 0.003*"efficiency" + 0.003*"reaction" + 0.003*"utilize"
2025-11-15 21:15:24,785 - INFO - topic #1 (0.140): 0.005*"scenario" + 0.004*"supply_chain" + 0.003*"ethanol" + 0.003*"crop" + 0.003*"policy" + 0.003*"diesel" + 0.003*"price" + 0.003*"unit" + 0.003*"country" + 0.003*"capacity"
2025-11-15 21:15:24,785 - INFO - topic diff=0.234005, rho=0.400642
2025-11-15 21:15:24,790 - INFO - PROGRESS: pass 3, at document #200/223
2025-11-15 21:15:24,919 - INFO - optimized alpha [np.float32(0.17158277), np.float32(0.1624493)]
2025-11-15 21:15:24,919 - INFO - merging changes from 100 documents into a model of 223 documents
2025-11-15 21:15:24,921 - INFO - topic #0 (0.172): 0.004*"removal" + 0.004*"hydrogen" + 0.004*"catalyst" + 0.004*"bioresour_technol" + 0.003*"biorefinery" + 0.003*"biogas" + 0.003*"efficiency" + 0.003*"acid" + 0.003*"accumulation" + 0.003*"reaction"
2025-11-15 21:15:24,921 - INFO - topic #1 (0.162): 0.004*"scenario" + 0.004*"ethanol" + 0.003*"crop" + 0.003*"policy" + 0.003*"diesel" + 0.003*"country" + 0.003*"supply_chain" + 0.003*"price" + 0.003*"unit" + 0.002*"efﬁciency"
2025-11-15 21:15:24,921 - INFO - topic diff=0.205647, rho=0.400642
2025-11-15 21:15:25,005 - INFO - -7.988 per-word bound, 253.9 perplexity estimate based on a held-out corpus of 23 documents with 58046 words
2025-11-15 21:15:25,005 - INFO - PROGRESS: pass 3, at document #223/223
2025-11-15 21:15:25,031 - INFO - optimized alpha [np.float32(0.13794257), np.float32(0.1370984)]
2025-11-15 21:15:25,031 - INFO - merging changes from 23 documents into a model of 223 documents
2025-11-15 21:15:25,033 - INFO - topic #0 (0.138): 0.004*"removal" + 0.004*"biorefinery" + 0.004*"catalyst" + 0.004*"bioresour_technol" + 0.003*"reaction" + 0.003*"hydrogen" + 0.003*"synthesis" + 0.003*"utilize" + 0.003*"acid" + 0.003*"fatty_acid"
2025-11-15 21:15:25,033 - INFO - topic #1 (0.137): 0.006*"supply_chain" + 0.005*"scenario" + 0.003*"ethanol" + 0.003*"capacity" + 0.003*"price" + 0.003*"crop" + 0.003*"diﬀerent" + 0.003*"location" + 0.003*"unit" + 0.003*"parameter"
2025-11-15 21:15:25,033 - INFO - topic diff=0.291694, rho=0.400642
2025-11-15 21:15:25,036 - INFO - PROGRESS: pass 4, at document #100/223
2025-11-15 21:15:25,152 - INFO - optimized alpha [np.float32(0.16595034), np.float32(0.15156117)]
2025-11-15 21:15:25,152 - INFO - merging changes from 100 documents into a model of 223 documents
2025-11-15 21:15:25,154 - INFO - topic #0 (0.166): 0.004*"removal" + 0.004*"catalyst" + 0.004*"bioresour_technol" + 0.004*"hydrogen" + 0.003*"biorefinery" + 0.003*"acid" + 0.003*"biogas" + 0.003*"reaction" + 0.003*"efficiency" + 0.003*"utilize"
2025-11-15 21:15:25,154 - INFO - topic #1 (0.152): 0.005*"scenario" + 0.004*"supply_chain" + 0.003*"ethanol" + 0.003*"crop" + 0.003*"policy" + 0.003*"diesel" + 0.003*"price" + 0.003*"unit" + 0.003*"country" + 0.003*"capacity"
2025-11-15 21:15:25,154 - INFO - topic diff=0.208492, rho=0.371904
2025-11-15 21:15:25,157 - INFO - PROGRESS: pass 4, at document #200/223
2025-11-15 21:15:25,271 - INFO - optimized alpha [np.float32(0.1936233), np.float32(0.17421348)]
2025-11-15 21:15:25,272 - INFO - merging changes from 100 documents into a model of 223 documents
2025-11-15 21:15:25,273 - INFO - topic #0 (0.194): 0.004*"removal" + 0.004*"hydrogen" + 0.004*"catalyst" + 0.004*"bioresour_technol" + 0.003*"biorefinery" + 0.003*"biogas" + 0.003*"efficiency" + 0.003*"acid" + 0.003*"reaction" + 0.003*"accumulation"
2025-11-15 21:15:25,273 - INFO - topic #1 (0.174): 0.004*"scenario" + 0.004*"ethanol" + 0.003*"policy" + 0.003*"crop" + 0.003*"diesel" + 0.003*"country" + 0.003*"supply_chain" + 0.003*"price" + 0.003*"unit" + 0.003*"efﬁciency"
2025-11-15 21:15:25,274 - INFO - topic diff=0.185534, rho=0.371904
2025-11-15 21:15:25,354 - INFO - -7.981 per-word bound, 252.7 perplexity estimate based on a held-out corpus of 23 documents with 58046 words
2025-11-15 21:15:25,354 - INFO - PROGRESS: pass 4, at document #223/223
2025-11-15 21:15:25,376 - INFO - optimized alpha [np.float32(0.15106595), np.float32(0.14618693)]
2025-11-15 21:15:25,377 - INFO - merging changes from 23 documents into a model of 223 documents
2025-11-15 21:15:25,377 - INFO - topic #0 (0.151): 0.004*"removal" + 0.004*"catalyst" + 0.004*"biorefinery" + 0.004*"bioresour_technol" + 0.003*"hydrogen" + 0.003*"reaction" + 0.003*"synthesis" + 0.003*"acid" + 0.003*"utilize" + 0.003*"fatty_acid"
2025-11-15 21:15:25,377 - INFO - topic #1 (0.146): 0.006*"supply_chain" + 0.005*"scenario" + 0.003*"ethanol" + 0.003*"price" + 0.003*"capacity" + 0.003*"crop" + 0.003*"diﬀerent" + 0.003*"location" + 0.003*"unit" + 0.003*"diesel"
2025-11-15 21:15:25,378 - INFO - topic diff=0.260413, rho=0.371904
2025-11-15 21:15:25,382 - INFO - PROGRESS: pass 5, at document #100/223
2025-11-15 21:15:25,497 - INFO - optimized alpha [np.float32(0.18005714), np.float32(0.15982865)]
2025-11-15 21:15:25,499 - INFO - merging changes from 100 documents into a model of 223 documents
2025-11-15 21:15:25,499 - INFO - topic #0 (0.180): 0.004*"removal" + 0.004*"catalyst" + 0.004*"bioresour_technol" + 0.004*"hydrogen" + 0.003*"biorefinery" + 0.003*"acid" + 0.003*"biogas" + 0.003*"reaction" + 0.003*"efficiency" + 0.003*"fatty_acid"
2025-11-15 21:15:25,499 - INFO - topic #1 (0.160): 0.005*"scenario" + 0.004*"supply_chain" + 0.003*"crop" + 0.003*"ethanol" + 0.003*"policy" + 0.003*"diesel" + 0.003*"price" + 0.003*"unit" + 0.003*"country" + 0.003*"capacity"
2025-11-15 21:15:25,501 - INFO - topic diff=0.189866, rho=0.348578
2025-11-15 21:15:25,504 - INFO - PROGRESS: pass 5, at document #200/223
2025-11-15 21:15:25,606 - INFO - optimized alpha [np.float32(0.20735575), np.float32(0.18139851)]
2025-11-15 21:15:25,608 - INFO - merging changes from 100 documents into a model of 223 documents
2025-11-15 21:15:25,608 - INFO - topic #0 (0.207): 0.004*"removal" + 0.004*"hydrogen" + 0.004*"catalyst" + 0.004*"bioresour_technol" + 0.003*"biorefinery" + 0.003*"biogas" + 0.003*"acid" + 0.003*"efficiency" + 0.003*"reaction" + 0.003*"bioethanol"
2025-11-15 21:15:25,608 - INFO - topic #1 (0.181): 0.004*"scenario" + 0.004*"policy" + 0.004*"ethanol" + 0.003*"crop" + 0.003*"supply_chain" + 0.003*"diesel" + 0.003*"country" + 0.003*"price" + 0.003*"unit" + 0.003*"efﬁciency"
2025-11-15 21:15:25,609 - INFO - topic diff=0.170909, rho=0.348578
2025-11-15 21:15:25,688 - INFO - -7.977 per-word bound, 251.9 perplexity estimate based on a held-out corpus of 23 documents with 58046 words
2025-11-15 21:15:25,688 - INFO - PROGRESS: pass 5, at document #223/223
2025-11-15 21:15:25,709 - INFO - optimized alpha [np.float32(0.16016313), np.float32(0.15224926)]
2025-11-15 21:15:25,711 - INFO - merging changes from 23 documents into a model of 223 documents
2025-11-15 21:15:25,711 - INFO - topic #0 (0.160): 0.004*"removal" + 0.004*"catalyst" + 0.004*"biorefinery" + 0.004*"bioresour_technol" + 0.004*"hydrogen" + 0.003*"reaction" + 0.003*"synthesis" + 0.003*"acid" + 0.003*"utilize" + 0.003*"fatty_acid"
2025-11-15 21:15:25,711 - INFO - topic #1 (0.152): 0.006*"supply_chain" + 0.005*"scenario" + 0.003*"ethanol" + 0.003*"price" + 0.003*"capacity" + 0.003*"crop" + 0.003*"diﬀerent" + 0.003*"unit" + 0.003*"location" + 0.003*"diesel"
2025-11-15 21:15:25,711 - INFO - topic diff=0.237491, rho=0.348578
2025-11-15 21:15:25,715 - INFO - PROGRESS: pass 6, at document #100/223
2025-11-15 21:15:25,828 - INFO - optimized alpha [np.float32(0.19075248), np.float32(0.16749217)]
2025-11-15 21:15:25,830 - INFO - merging changes from 100 documents into a model of 223 documents
2025-11-15 21:15:25,831 - INFO - topic #0 (0.191): 0.004*"removal" + 0.004*"catalyst" + 0.004*"bioresour_technol" + 0.004*"hydrogen" + 0.003*"biorefinery" + 0.003*"acid" + 0.003*"reaction" + 0.003*"biogas" + 0.003*"efficiency" + 0.003*"fatty_acid"
2025-11-15 21:15:25,831 - INFO - topic #1 (0.167): 0.005*"scenario" + 0.004*"supply_chain" + 0.004*"policy" + 0.003*"crop" + 0.003*"ethanol" + 0.003*"diesel" + 0.003*"price" + 0.003*"unit" + 0.003*"country" + 0.003*"capacity"
2025-11-15 21:15:25,831 - INFO - topic diff=0.175288, rho=0.329154
2025-11-15 21:15:25,834 - INFO - PROGRESS: pass 6, at document #200/223
2025-11-15 21:15:25,934 - INFO - optimized alpha [np.float32(0.21735074), np.float32(0.18787658)]
2025-11-15 21:15:25,934 - INFO - merging changes from 100 documents into a model of 223 documents
2025-11-15 21:15:25,934 - INFO - topic #0 (0.217): 0.004*"removal" + 0.004*"hydrogen" + 0.004*"catalyst" + 0.004*"bioresour_technol" + 0.003*"biorefinery" + 0.003*"acid" + 0.003*"biogas" + 0.003*"reaction" + 0.003*"efficiency" + 0.003*"bioethanol"
2025-11-15 21:15:25,936 - INFO - topic #1 (0.188): 0.004*"scenario" + 0.004*"policy" + 0.004*"ethanol" + 0.003*"crop" + 0.003*"supply_chain" + 0.003*"diesel" + 0.003*"country" + 0.003*"price" + 0.003*"unit" + 0.003*"estimate"
2025-11-15 21:15:25,936 - INFO - topic diff=0.159527, rho=0.329154
2025-11-15 21:15:26,017 - INFO - -7.973 per-word bound, 251.3 perplexity estimate based on a held-out corpus of 23 documents with 58046 words
2025-11-15 21:15:26,017 - INFO - PROGRESS: pass 6, at document #223/223
2025-11-15 21:15:26,040 - INFO - optimized alpha [np.float32(0.17047897), np.float32(0.16389163)]
2025-11-15 21:15:26,042 - INFO - merging changes from 23 documents into a model of 223 documents
2025-11-15 21:15:26,043 - INFO - topic #0 (0.170): 0.004*"removal" + 0.004*"catalyst" + 0.004*"biorefinery" + 0.004*"bioresour_technol" + 0.004*"hydrogen" + 0.003*"reaction" + 0.003*"synthesis" + 0.003*"acid" + 0.003*"utilize" + 0.003*"fatty_acid"
2025-11-15 21:15:26,043 - INFO - topic #1 (0.164): 0.006*"supply_chain" + 0.005*"scenario" + 0.003*"ethanol" + 0.003*"price" + 0.003*"capacity" + 0.003*"crop" + 0.003*"unit" + 0.003*"diﬀerent" + 0.003*"location" + 0.003*"diesel"
2025-11-15 21:15:26,043 - INFO - topic diff=0.219745, rho=0.329154
2025-11-15 21:15:26,046 - INFO - PROGRESS: pass 7, at document #100/223
2025-11-15 21:15:26,152 - INFO - optimized alpha [np.float32(0.20071128), np.float32(0.1777037)]
2025-11-15 21:15:26,152 - INFO - merging changes from 100 documents into a model of 223 documents
2025-11-15 21:15:26,154 - INFO - topic #0 (0.201): 0.004*"removal" + 0.004*"catalyst" + 0.004*"bioresour_technol" + 0.004*"hydrogen" + 0.003*"biorefinery" + 0.003*"acid" + 0.003*"reaction" + 0.003*"biogas" + 0.003*"efficiency" + 0.003*"fatty_acid"
2025-11-15 21:15:26,154 - INFO - topic #1 (0.178): 0.005*"scenario" + 0.005*"supply_chain" + 0.004*"policy" + 0.004*"crop" + 0.003*"ethanol" + 0.003*"diesel" + 0.003*"price" + 0.003*"unit" + 0.003*"country" + 0.003*"capacity"
2025-11-15 21:15:26,154 - INFO - topic diff=0.163600, rho=0.312653
2025-11-15 21:15:26,157 - INFO - PROGRESS: pass 7, at document #200/223
2025-11-15 21:15:26,257 - INFO - optimized alpha [np.float32(0.22658317), np.float32(0.19676065)]
2025-11-15 21:15:26,259 - INFO - merging changes from 100 documents into a model of 223 documents
2025-11-15 21:15:26,259 - INFO - topic #0 (0.227): 0.004*"removal" + 0.004*"hydrogen" + 0.004*"catalyst" + 0.004*"bioresour_technol" + 0.003*"biorefinery" + 0.003*"acid" + 0.003*"reaction" + 0.003*"biogas" + 0.003*"efficiency" + 0.003*"bioethanol"
2025-11-15 21:15:26,261 - INFO - topic #1 (0.197): 0.004*"scenario" + 0.004*"policy" + 0.003*"ethanol" + 0.003*"crop" + 0.003*"supply_chain" + 0.003*"country" + 0.003*"diesel" + 0.003*"price" + 0.003*"unit" + 0.003*"estimate"
2025-11-15 21:15:26,261 - INFO - topic diff=0.150204, rho=0.312653
2025-11-15 21:15:26,342 - INFO - -7.970 per-word bound, 250.7 perplexity estimate based on a held-out corpus of 23 documents with 58046 words
2025-11-15 21:15:26,342 - INFO - PROGRESS: pass 7, at document #223/223
2025-11-15 21:15:26,364 - INFO - optimized alpha [np.float32(0.177916), np.float32(0.17098221)]
2025-11-15 21:15:26,364 - INFO - merging changes from 23 documents into a model of 223 documents
2025-11-15 21:15:26,366 - INFO - topic #0 (0.178): 0.004*"removal" + 0.004*"catalyst" + 0.004*"biorefinery" + 0.004*"bioresour_technol" + 0.004*"hydrogen" + 0.004*"reaction" + 0.003*"synthesis" + 0.003*"acid" + 0.003*"utilize" + 0.003*"fatty_acid"
2025-11-15 21:15:26,366 - INFO - topic #1 (0.171): 0.006*"supply_chain" + 0.005*"scenario" + 0.003*"price" + 0.003*"ethanol" + 0.003*"capacity" + 0.003*"crop" + 0.003*"unit" + 0.003*"diﬀerent" + 0.003*"location" + 0.003*"diesel"
2025-11-15 21:15:26,366 - INFO - topic diff=0.205496, rho=0.312653
2025-11-15 21:15:26,370 - INFO - PROGRESS: pass 8, at document #100/223
2025-11-15 21:15:26,470 - INFO - optimized alpha [np.float32(0.20753384), np.float32(0.18366505)]
2025-11-15 21:15:26,472 - INFO - merging changes from 100 documents into a model of 223 documents
2025-11-15 21:15:26,472 - INFO - topic #0 (0.208): 0.004*"removal" + 0.004*"catalyst" + 0.004*"bioresour_technol" + 0.004*"hydrogen" + 0.003*"biorefinery" + 0.003*"reaction" + 0.003*"acid" + 0.003*"biogas" + 0.003*"fatty_acid" + 0.003*"efficiency"
2025-11-15 21:15:26,472 - INFO - topic #1 (0.184): 0.005*"scenario" + 0.005*"supply_chain" + 0.004*"policy" + 0.004*"crop" + 0.003*"ethanol" + 0.003*"price" + 0.003*"diesel" + 0.003*"unit" + 0.003*"country" + 0.003*"capacity"
2025-11-15 21:15:26,472 - INFO - topic diff=0.153945, rho=0.298408
2025-11-15 21:15:26,477 - INFO - PROGRESS: pass 8, at document #200/223
2025-11-15 21:15:26,578 - INFO - optimized alpha [np.float32(0.23578058), np.float32(0.20262776)]
2025-11-15 21:15:26,578 - INFO - merging changes from 100 documents into a model of 223 documents
2025-11-15 21:15:26,580 - INFO - topic #0 (0.236): 0.004*"removal" + 0.004*"hydrogen" + 0.004*"catalyst" + 0.004*"bioresour_technol" + 0.003*"biorefinery" + 0.003*"reaction" + 0.003*"acid" + 0.003*"biogas" + 0.003*"efficiency" + 0.003*"bioethanol"
2025-11-15 21:15:26,580 - INFO - topic #1 (0.203): 0.004*"scenario" + 0.004*"policy" + 0.004*"supply_chain" + 0.003*"crop" + 0.003*"ethanol" + 0.003*"country" + 0.003*"diesel" + 0.003*"price" + 0.003*"unit" + 0.003*"estimate"
2025-11-15 21:15:26,580 - INFO - topic diff=0.142238, rho=0.298408
2025-11-15 21:15:26,659 - INFO - -7.968 per-word bound, 250.3 perplexity estimate based on a held-out corpus of 23 documents with 58046 words
2025-11-15 21:15:26,659 - INFO - PROGRESS: pass 8, at document #223/223
2025-11-15 21:15:26,680 - INFO - optimized alpha [np.float32(0.18478623), np.float32(0.17596771)]
2025-11-15 21:15:26,682 - INFO - merging changes from 23 documents into a model of 223 documents
2025-11-15 21:15:26,682 - INFO - topic #0 (0.185): 0.004*"removal" + 0.004*"catalyst" + 0.004*"bioresour_technol" + 0.004*"biorefinery" + 0.004*"hydrogen" + 0.004*"reaction" + 0.003*"synthesis" + 0.003*"acid" + 0.003*"utilize" + 0.003*"fatty_acid"
2025-11-15 21:15:26,682 - INFO - topic #1 (0.176): 0.006*"supply_chain" + 0.006*"scenario" + 0.003*"price" + 0.003*"ethanol" + 0.003*"crop" + 0.003*"capacity" + 0.003*"unit" + 0.003*"diﬀerent" + 0.003*"location" + 0.003*"policy"
2025-11-15 21:15:26,683 - INFO - topic diff=0.193747, rho=0.298408
2025-11-15 21:15:26,686 - INFO - PROGRESS: pass 9, at document #100/223
2025-11-15 21:15:26,787 - INFO - optimized alpha [np.float32(0.21426958), np.float32(0.18892728)]
2025-11-15 21:15:26,788 - INFO - merging changes from 100 documents into a model of 223 documents
2025-11-15 21:15:26,788 - INFO - topic #0 (0.214): 0.004*"removal" + 0.004*"catalyst" + 0.004*"bioresour_technol" + 0.004*"hydrogen" + 0.003*"reaction" + 0.003*"biorefinery" + 0.003*"acid" + 0.003*"biogas" + 0.003*"fatty_acid" + 0.003*"utilize"
2025-11-15 21:15:26,788 - INFO - topic #1 (0.189): 0.005*"scenario" + 0.005*"supply_chain" + 0.004*"policy" + 0.004*"crop" + 0.003*"ethanol" + 0.003*"price" + 0.003*"diesel" + 0.003*"unit" + 0.003*"country" + 0.003*"capacity"
2025-11-15 21:15:26,790 - INFO - topic diff=0.145773, rho=0.285948
2025-11-15 21:15:26,793 - INFO - PROGRESS: pass 9, at document #200/223
2025-11-15 21:15:26,890 - INFO - optimized alpha [np.float32(0.24247381), np.float32(0.2081707)]
2025-11-15 21:15:26,890 - INFO - merging changes from 100 documents into a model of 223 documents
2025-11-15 21:15:26,891 - INFO - topic #0 (0.242): 0.004*"removal" + 0.004*"hydrogen" + 0.004*"catalyst" + 0.004*"bioresour_technol" + 0.003*"biorefinery" + 0.003*"reaction" + 0.003*"acid" + 0.003*"biogas" + 0.003*"efficiency" + 0.003*"bioethanol"
2025-11-15 21:15:26,891 - INFO - topic #1 (0.208): 0.004*"scenario" + 0.004*"policy" + 0.004*"supply_chain" + 0.003*"crop" + 0.003*"ethanol" + 0.003*"country" + 0.003*"price" + 0.003*"diesel" + 0.003*"unit" + 0.003*"estimate"
2025-11-15 21:15:26,891 - INFO - topic diff=0.135437, rho=0.285948
2025-11-15 21:15:26,969 - INFO - -7.965 per-word bound, 249.9 perplexity estimate based on a held-out corpus of 23 documents with 58046 words
2025-11-15 21:15:26,969 - INFO - PROGRESS: pass 9, at document #223/223
2025-11-15 21:15:26,989 - INFO - optimized alpha [np.float32(0.19047216), np.float32(0.18060717)]
2025-11-15 21:15:26,989 - INFO - merging changes from 23 documents into a model of 223 documents
2025-11-15 21:15:26,991 - INFO - topic #0 (0.190): 0.004*"removal" + 0.004*"catalyst" + 0.004*"bioresour_technol" + 0.004*"biorefinery" + 0.004*"hydrogen" + 0.004*"reaction" + 0.003*"synthesis" + 0.003*"acid" + 0.003*"utilize" + 0.003*"fatty_acid"
2025-11-15 21:15:26,991 - INFO - topic #1 (0.181): 0.006*"supply_chain" + 0.006*"scenario" + 0.003*"price" + 0.003*"ethanol" + 0.003*"crop" + 0.003*"capacity" + 0.003*"unit" + 0.003*"diﬀerent" + 0.003*"location" + 0.003*"policy"
2025-11-15 21:15:26,991 - INFO - topic diff=0.183860, rho=0.285948
2025-11-15 21:15:26,995 - INFO - LdaModel lifecycle event {'msg': 'trained LdaModel<num_terms=10167, num_topics=2, decay=0.5, chunksize=100> in 4.38s', 'datetime': '2025-11-15T21:15:26.995928', 'gensim': '4.4.0', 'python': '3.12.10 (tags/v3.12.10:0cc8128, Apr  8 2025, 12:21:36) [MSC v.1943 64 bit (AMD64)]', 'platform': 'Windows-11-10.0.26100-SP0', 'event': 'created'}
2025-11-15 21:15:26,996 - INFO - using ParallelWordOccurrenceAccumulator<processes=11, batch_size=64> to estimate probabilities from sliding windows
