2025-11-15 21:07:22,945 - INFO - ================================================================================
2025-11-15 21:07:22,946 - INFO - REFINED TOPIC MODELING PIPELINE STARTED
2025-11-15 21:07:22,946 - INFO - ================================================================================
2025-11-15 21:07:23,548 - INFO - spaCy model loaded successfully
2025-11-15 21:07:23,558 - INFO - Found 223 PDF files
2025-11-15 21:07:43,352 - INFO - Successfully extracted 223 documents
2025-11-15 21:11:14,701 - INFO - collecting all words and their counts
2025-11-15 21:11:14,701 - INFO - PROGRESS: at sentence #0, processed 0 words and 0 word types
2025-11-15 21:11:15,860 - INFO - collected 614421 token types (unigram + bigrams) from a corpus of 1327160 words and 223 sentences
2025-11-15 21:11:15,862 - INFO - merged Phrases<614421 vocab, min_count=5, threshold=100, max_vocab_size=40000000>
2025-11-15 21:11:15,899 - INFO - Phrases lifecycle event {'msg': 'built Phrases<614421 vocab, min_count=5, threshold=100, max_vocab_size=40000000> in 1.16s', 'datetime': '2025-11-15T21:11:15.862561', 'gensim': '4.4.0', 'python': '3.12.10 (tags/v3.12.10:0cc8128, Apr  8 2025, 12:21:36) [MSC v.1943 64 bit (AMD64)]', 'platform': 'Windows-11-10.0.26100-SP0', 'event': 'created'}
2025-11-15 21:11:15,899 - INFO - exporting phrases from Phrases<614421 vocab, min_count=5, threshold=100, max_vocab_size=40000000>
2025-11-15 21:11:16,660 - INFO - FrozenPhrases lifecycle event {'msg': 'exported FrozenPhrases<2023 phrases, min_count=5, threshold=100> from Phrases<614421 vocab, min_count=5, threshold=100, max_vocab_size=40000000> in 0.76s', 'datetime': '2025-11-15T21:11:16.660532', 'gensim': '4.4.0', 'python': '3.12.10 (tags/v3.12.10:0cc8128, Apr  8 2025, 12:21:36) [MSC v.1943 64 bit (AMD64)]', 'platform': 'Windows-11-10.0.26100-SP0', 'event': 'created'}
2025-11-15 21:11:17,304 - INFO - collecting all words and their counts
2025-11-15 21:11:17,304 - INFO - PROGRESS: at sentence #0, processed 0 words and 0 word types
2025-11-15 21:11:18,411 - INFO - collected 634154 token types (unigram + bigrams) from a corpus of 1262029 words and 223 sentences
2025-11-15 21:11:18,411 - INFO - merged Phrases<634154 vocab, min_count=5, threshold=100, max_vocab_size=40000000>
2025-11-15 21:11:18,412 - INFO - Phrases lifecycle event {'msg': 'built Phrases<634154 vocab, min_count=5, threshold=100, max_vocab_size=40000000> in 1.11s', 'datetime': '2025-11-15T21:11:18.412986', 'gensim': '4.4.0', 'python': '3.12.10 (tags/v3.12.10:0cc8128, Apr  8 2025, 12:21:36) [MSC v.1943 64 bit (AMD64)]', 'platform': 'Windows-11-10.0.26100-SP0', 'event': 'created'}
2025-11-15 21:11:18,412 - INFO - exporting phrases from Phrases<634154 vocab, min_count=5, threshold=100, max_vocab_size=40000000>
2025-11-15 21:11:19,239 - INFO - FrozenPhrases lifecycle event {'msg': 'exported FrozenPhrases<2452 phrases, min_count=5, threshold=100> from Phrases<634154 vocab, min_count=5, threshold=100, max_vocab_size=40000000> in 0.83s', 'datetime': '2025-11-15T21:11:19.239323', 'gensim': '4.4.0', 'python': '3.12.10 (tags/v3.12.10:0cc8128, Apr  8 2025, 12:21:36) [MSC v.1943 64 bit (AMD64)]', 'platform': 'Windows-11-10.0.26100-SP0', 'event': 'created'}
2025-11-15 21:11:19,981 - INFO - adding document #0 to Dictionary<0 unique tokens: []>
2025-11-15 21:11:20,510 - INFO - built Dictionary<36851 unique tokens: ['ability', 'abiotic_stress', 'able', 'absence', 'absolute']...> from 223 documents (total 1245571 corpus positions)
2025-11-15 21:11:20,510 - INFO - Dictionary lifecycle event {'msg': "built Dictionary<36851 unique tokens: ['ability', 'abiotic_stress', 'able', 'absence', 'absolute']...> from 223 documents (total 1245571 corpus positions)", 'datetime': '2025-11-15T21:11:20.510476', 'gensim': '4.4.0', 'python': '3.12.10 (tags/v3.12.10:0cc8128, Apr  8 2025, 12:21:36) [MSC v.1943 64 bit (AMD64)]', 'platform': 'Windows-11-10.0.26100-SP0', 'event': 'created'}
2025-11-15 21:11:20,510 - INFO - Vocabulary pruning: no_below=5, no_above=0.85
2025-11-15 21:11:20,529 - INFO - discarding 26684 tokens: [('accommodative', 1), ('achieve', 208), ('activity', 196), ('add', 206), ('addition', 208), ('advantage', 196), ('advantageously', 4), ('agal', 2), ('alkanoate', 2), ('allelochemical', 1)]...
2025-11-15 21:11:20,530 - INFO - keeping 10167 tokens which were in no less than 5 and no more than 189 (=85.0%) documents
2025-11-15 21:11:20,544 - INFO - resulting dictionary: Dictionary<10167 unique tokens: ['ability', 'abiotic_stress', 'able', 'absence', 'absolute']...>
2025-11-15 21:11:20,546 - INFO - Final vocabulary size: 10167
2025-11-15 21:11:20,844 - INFO - Corpus created with 223 documents
2025-11-15 21:11:20,846 - INFO - Training 19 models from k=2 to k=20
2025-11-15 21:11:20,846 - INFO - Training model with k=2
2025-11-15 21:11:20,848 - INFO - using autotuned alpha, starting with [np.float32(0.5), np.float32(0.5)]
2025-11-15 21:11:20,848 - INFO - using serial LDA version on this node
2025-11-15 21:11:20,851 - INFO - running online (multi-pass) LDA training, 2 topics, 10 passes over the supplied corpus of 223 documents, updating model once every 100 documents, evaluating perplexity every 223 documents, iterating 400x with a convergence threshold of 0.001000
2025-11-15 21:11:20,851 - INFO - PROGRESS: pass 0, at document #100/223
2025-11-15 21:11:21,328 - INFO - optimized alpha [np.float32(0.8609405), np.float32(0.82570946)]
2025-11-15 21:11:21,330 - INFO - merging changes from 100 documents into a model of 223 documents
2025-11-15 21:11:21,331 - INFO - topic #0 (0.861): 0.004*"biogas" + 0.004*"catalyst" + 0.004*"removal" + 0.004*"bioresour_technol" + 0.003*"efficiency" + 0.003*"reaction" + 0.003*"anaerobic_digestion" + 0.003*"methane" + 0.003*"hydrogen" + 0.003*"utilize"
2025-11-15 21:11:21,331 - INFO - topic #1 (0.826): 0.004*"pyrolysis" + 0.003*"crop" + 0.003*"removal" + 0.003*"dioxide" + 0.003*"hydrogen" + 0.003*"ethanol" + 0.003*"acid" + 0.003*"day" + 0.003*"policy" + 0.003*"bioresour_technol"
2025-11-15 21:11:21,331 - INFO - topic diff=1.364069, rho=1.000000
2025-11-15 21:11:21,336 - WARNING - updated prior is not positive
2025-11-15 21:11:21,336 - INFO - PROGRESS: pass 0, at document #200/223
2025-11-15 21:11:21,770 - INFO - optimized alpha [np.float32(0.58843803), np.float32(0.7011571)]
2025-11-15 21:11:21,770 - INFO - merging changes from 100 documents into a model of 223 documents
2025-11-15 21:11:21,771 - INFO - topic #0 (0.588): 0.004*"biogas" + 0.004*"removal" + 0.004*"bioresour_technol" + 0.003*"catalyst" + 0.003*"efficiency" + 0.003*"hydrogen" + 0.003*"biorefinery" + 0.003*"accumulation" + 0.003*"reaction" + 0.003*"utilize"
2025-11-15 21:11:21,771 - INFO - topic #1 (0.701): 0.004*"hydrogen" + 0.003*"ethanol" + 0.003*"crop" + 0.003*"removal" + 0.003*"pyrolysis" + 0.003*"bioethanol" + 0.003*"policy" + 0.002*"dioxide" + 0.002*"bioresour_technol" + 0.002*"open_pond"
2025-11-15 21:11:21,771 - INFO - topic diff=0.472064, rho=0.707107
2025-11-15 21:11:21,891 - INFO - -8.197 per-word bound, 293.4 perplexity estimate based on a held-out corpus of 23 documents with 58046 words
2025-11-15 21:11:21,891 - INFO - PROGRESS: pass 0, at document #223/223
2025-11-15 21:11:21,950 - WARNING - updated prior is not positive
2025-11-15 21:11:21,950 - INFO - optimized alpha [np.float32(0.58843803), np.float32(0.7011571)]
2025-11-15 21:11:21,952 - INFO - merging changes from 23 documents into a model of 223 documents
2025-11-15 21:11:21,952 - INFO - topic #0 (0.588): 0.005*"biorefinery" + 0.004*"removal" + 0.004*"catalyst" + 0.004*"bioresour_technol" + 0.003*"synthesis" + 0.003*"reaction" + 0.003*"utilize" + 0.003*"efficiency" + 0.003*"biogas" + 0.003*"accumulation"
2025-11-15 21:11:21,952 - INFO - topic #1 (0.701): 0.005*"supply_chain" + 0.004*"scenario" + 0.003*"ethanol" + 0.003*"removal" + 0.003*"crop" + 0.003*"capacity" + 0.003*"parameter" + 0.003*"price" + 0.003*"bioreﬁnery" + 0.003*"location"
2025-11-15 21:11:21,954 - INFO - topic diff=0.558546, rho=0.577350
2025-11-15 21:11:21,957 - INFO - PROGRESS: pass 1, at document #100/223
2025-11-15 21:11:22,179 - INFO - optimized alpha [np.float32(0.43203923), np.float32(0.2480205)]
2025-11-15 21:11:22,180 - INFO - merging changes from 100 documents into a model of 223 documents
2025-11-15 21:11:22,180 - INFO - topic #0 (0.432): 0.004*"removal" + 0.004*"catalyst" + 0.004*"biogas" + 0.004*"bioresour_technol" + 0.004*"biorefinery" + 0.003*"efficiency" + 0.003*"reaction" + 0.003*"acid" + 0.003*"utilize" + 0.003*"hydrogen"
2025-11-15 21:11:22,182 - INFO - topic #1 (0.248): 0.004*"scenario" + 0.003*"crop" + 0.003*"ethanol" + 0.003*"supply_chain" + 0.003*"policy" + 0.003*"pyrolysis" + 0.003*"removal" + 0.002*"diesel" + 0.002*"price" + 0.002*"open_pond"
2025-11-15 21:11:22,182 - INFO - topic diff=0.324884, rho=0.486217
2025-11-15 21:11:22,185 - INFO - PROGRESS: pass 1, at document #200/223
2025-11-15 21:11:22,355 - INFO - optimized alpha [np.float32(0.21293834), np.float32(0.2085301)]
2025-11-15 21:11:22,355 - INFO - merging changes from 100 documents into a model of 223 documents
2025-11-15 21:11:22,357 - INFO - topic #0 (0.213): 0.004*"removal" + 0.004*"hydrogen" + 0.004*"catalyst" + 0.004*"bioresour_technol" + 0.004*"biorefinery" + 0.003*"biogas" + 0.003*"efficiency" + 0.003*"accumulation" + 0.003*"acid" + 0.003*"reaction"
2025-11-15 21:11:22,357 - INFO - topic #1 (0.209): 0.003*"ethanol" + 0.003*"crop" + 0.003*"policy" + 0.003*"scenario" + 0.003*"diesel" + 0.003*"country" + 0.002*"price" + 0.002*"open_pond" + 0.002*"hydrogen" + 0.002*"bioresour_technol"
2025-11-15 21:11:22,357 - INFO - topic diff=0.273623, rho=0.486217
2025-11-15 21:11:22,449 - INFO - -8.034 per-word bound, 262.2 perplexity estimate based on a held-out corpus of 23 documents with 58046 words
2025-11-15 21:11:22,449 - INFO - PROGRESS: pass 1, at document #223/223
2025-11-15 21:11:22,478 - INFO - optimized alpha [np.float32(0.1250557), np.float32(0.14029069)]
2025-11-15 21:11:22,478 - INFO - merging changes from 23 documents into a model of 223 documents
2025-11-15 21:11:22,480 - INFO - topic #0 (0.125): 0.005*"biorefinery" + 0.004*"removal" + 0.004*"catalyst" + 0.004*"bioresour_technol" + 0.003*"synthesis" + 0.003*"reaction" + 0.003*"utilize" + 0.003*"efficiency" + 0.003*"acid" + 0.003*"fatty_acid"
2025-11-15 21:11:22,480 - INFO - topic #1 (0.140): 0.006*"supply_chain" + 0.005*"scenario" + 0.003*"ethanol" + 0.003*"capacity" + 0.003*"crop" + 0.003*"price" + 0.003*"location" + 0.003*"parameter" + 0.003*"diﬀerent" + 0.003*"period"
2025-11-15 21:11:22,480 - INFO - topic diff=0.403926, rho=0.486217
2025-11-15 21:11:22,485 - INFO - PROGRESS: pass 2, at document #100/223
2025-11-15 21:11:22,626 - INFO - optimized alpha [np.float32(0.15247622), np.float32(0.1531128)]
2025-11-15 21:11:22,628 - INFO - merging changes from 100 documents into a model of 223 documents
2025-11-15 21:11:22,628 - INFO - topic #0 (0.152): 0.004*"removal" + 0.004*"catalyst" + 0.004*"bioresour_technol" + 0.004*"biorefinery" + 0.003*"biogas" + 0.003*"efficiency" + 0.003*"hydrogen" + 0.003*"acid" + 0.003*"reaction" + 0.003*"utilize"
2025-11-15 21:11:22,628 - INFO - topic #1 (0.153): 0.004*"scenario" + 0.004*"supply_chain" + 0.003*"ethanol" + 0.003*"crop" + 0.003*"policy" + 0.003*"diesel" + 0.003*"price" + 0.003*"unit" + 0.002*"country" + 0.002*"open_pond"
2025-11-15 21:11:22,629 - INFO - topic diff=0.272887, rho=0.437269
2025-11-15 21:11:22,632 - INFO - PROGRESS: pass 2, at document #200/223
2025-11-15 21:11:22,772 - INFO - optimized alpha [np.float32(0.16582073), np.float32(0.16505589)]
2025-11-15 21:11:22,772 - INFO - merging changes from 100 documents into a model of 223 documents
2025-11-15 21:11:22,773 - INFO - topic #0 (0.166): 0.004*"removal" + 0.004*"hydrogen" + 0.004*"catalyst" + 0.004*"bioresour_technol" + 0.003*"biorefinery" + 0.003*"biogas" + 0.003*"efficiency" + 0.003*"acid" + 0.003*"accumulation" + 0.003*"reaction"
2025-11-15 21:11:22,773 - INFO - topic #1 (0.165): 0.003*"ethanol" + 0.003*"scenario" + 0.003*"crop" + 0.003*"policy" + 0.003*"diesel" + 0.003*"country" + 0.003*"price" + 0.003*"supply_chain" + 0.002*"open_pond" + 0.002*"unit"
2025-11-15 21:11:22,773 - INFO - topic diff=0.234574, rho=0.437269
2025-11-15 21:11:22,857 - INFO - -8.000 per-word bound, 256.1 perplexity estimate based on a held-out corpus of 23 documents with 58046 words
2025-11-15 21:11:22,857 - INFO - PROGRESS: pass 2, at document #223/223
2025-11-15 21:11:22,881 - INFO - optimized alpha [np.float32(0.120561205), np.float32(0.124429256)]
2025-11-15 21:11:22,882 - INFO - merging changes from 23 documents into a model of 223 documents
2025-11-15 21:11:22,882 - INFO - topic #0 (0.121): 0.004*"biorefinery" + 0.004*"removal" + 0.004*"catalyst" + 0.004*"bioresour_technol" + 0.003*"reaction" + 0.003*"synthesis" + 0.003*"utilize" + 0.003*"hydrogen" + 0.003*"acid" + 0.003*"fatty_acid"
2025-11-15 21:11:22,882 - INFO - topic #1 (0.124): 0.006*"supply_chain" + 0.005*"scenario" + 0.003*"ethanol" + 0.003*"capacity" + 0.003*"crop" + 0.003*"price" + 0.003*"diﬀerent" + 0.003*"location" + 0.003*"parameter" + 0.003*"period"
2025-11-15 21:11:22,882 - INFO - topic diff=0.336871, rho=0.437269
2025-11-15 21:11:22,887 - INFO - PROGRESS: pass 3, at document #100/223
2025-11-15 21:11:23,013 - INFO - optimized alpha [np.float32(0.14828846), np.float32(0.14031263)]
2025-11-15 21:11:23,013 - INFO - merging changes from 100 documents into a model of 223 documents
2025-11-15 21:11:23,015 - INFO - topic #0 (0.148): 0.004*"removal" + 0.004*"catalyst" + 0.004*"bioresour_technol" + 0.004*"biorefinery" + 0.003*"hydrogen" + 0.003*"biogas" + 0.003*"acid" + 0.003*"efficiency" + 0.003*"reaction" + 0.003*"utilize"
2025-11-15 21:11:23,015 - INFO - topic #1 (0.140): 0.005*"scenario" + 0.004*"supply_chain" + 0.003*"ethanol" + 0.003*"crop" + 0.003*"policy" + 0.003*"diesel" + 0.003*"price" + 0.003*"unit" + 0.003*"country" + 0.003*"capacity"
2025-11-15 21:11:23,015 - INFO - topic diff=0.234005, rho=0.400642
2025-11-15 21:11:23,020 - INFO - PROGRESS: pass 3, at document #200/223
2025-11-15 21:11:23,145 - INFO - optimized alpha [np.float32(0.17158277), np.float32(0.1624493)]
2025-11-15 21:11:23,147 - INFO - merging changes from 100 documents into a model of 223 documents
2025-11-15 21:11:23,147 - INFO - topic #0 (0.172): 0.004*"removal" + 0.004*"hydrogen" + 0.004*"catalyst" + 0.004*"bioresour_technol" + 0.003*"biorefinery" + 0.003*"biogas" + 0.003*"efficiency" + 0.003*"acid" + 0.003*"accumulation" + 0.003*"reaction"
2025-11-15 21:11:23,147 - INFO - topic #1 (0.162): 0.004*"scenario" + 0.004*"ethanol" + 0.003*"crop" + 0.003*"policy" + 0.003*"diesel" + 0.003*"country" + 0.003*"supply_chain" + 0.003*"price" + 0.003*"unit" + 0.002*"efﬁciency"
2025-11-15 21:11:23,148 - INFO - topic diff=0.205647, rho=0.400642
2025-11-15 21:11:23,232 - INFO - -7.988 per-word bound, 253.9 perplexity estimate based on a held-out corpus of 23 documents with 58046 words
2025-11-15 21:11:23,232 - INFO - PROGRESS: pass 3, at document #223/223
2025-11-15 21:11:23,258 - INFO - optimized alpha [np.float32(0.13794257), np.float32(0.1370984)]
2025-11-15 21:11:23,258 - INFO - merging changes from 23 documents into a model of 223 documents
2025-11-15 21:11:23,259 - INFO - topic #0 (0.138): 0.004*"removal" + 0.004*"biorefinery" + 0.004*"catalyst" + 0.004*"bioresour_technol" + 0.003*"reaction" + 0.003*"hydrogen" + 0.003*"synthesis" + 0.003*"utilize" + 0.003*"acid" + 0.003*"fatty_acid"
2025-11-15 21:11:23,259 - INFO - topic #1 (0.137): 0.006*"supply_chain" + 0.005*"scenario" + 0.003*"ethanol" + 0.003*"capacity" + 0.003*"price" + 0.003*"crop" + 0.003*"diﬀerent" + 0.003*"location" + 0.003*"unit" + 0.003*"parameter"
2025-11-15 21:11:23,259 - INFO - topic diff=0.291694, rho=0.400642
2025-11-15 21:11:23,264 - INFO - PROGRESS: pass 4, at document #100/223
2025-11-15 21:11:23,383 - INFO - optimized alpha [np.float32(0.16595034), np.float32(0.15156117)]
2025-11-15 21:11:23,383 - INFO - merging changes from 100 documents into a model of 223 documents
2025-11-15 21:11:23,384 - INFO - topic #0 (0.166): 0.004*"removal" + 0.004*"catalyst" + 0.004*"bioresour_technol" + 0.004*"hydrogen" + 0.003*"biorefinery" + 0.003*"acid" + 0.003*"biogas" + 0.003*"reaction" + 0.003*"efficiency" + 0.003*"utilize"
2025-11-15 21:11:23,384 - INFO - topic #1 (0.152): 0.005*"scenario" + 0.004*"supply_chain" + 0.003*"ethanol" + 0.003*"crop" + 0.003*"policy" + 0.003*"diesel" + 0.003*"price" + 0.003*"unit" + 0.003*"country" + 0.003*"capacity"
2025-11-15 21:11:23,384 - INFO - topic diff=0.208492, rho=0.371904
2025-11-15 21:11:23,389 - INFO - PROGRESS: pass 4, at document #200/223
2025-11-15 21:11:23,501 - INFO - optimized alpha [np.float32(0.1936233), np.float32(0.17421348)]
2025-11-15 21:11:23,501 - INFO - merging changes from 100 documents into a model of 223 documents
2025-11-15 21:11:23,503 - INFO - topic #0 (0.194): 0.004*"removal" + 0.004*"hydrogen" + 0.004*"catalyst" + 0.004*"bioresour_technol" + 0.003*"biorefinery" + 0.003*"biogas" + 0.003*"efficiency" + 0.003*"acid" + 0.003*"reaction" + 0.003*"accumulation"
2025-11-15 21:11:23,503 - INFO - topic #1 (0.174): 0.004*"scenario" + 0.004*"ethanol" + 0.003*"policy" + 0.003*"crop" + 0.003*"diesel" + 0.003*"country" + 0.003*"supply_chain" + 0.003*"price" + 0.003*"unit" + 0.003*"efﬁciency"
2025-11-15 21:11:23,503 - INFO - topic diff=0.185534, rho=0.371904
2025-11-15 21:11:23,582 - INFO - -7.981 per-word bound, 252.7 perplexity estimate based on a held-out corpus of 23 documents with 58046 words
2025-11-15 21:11:23,582 - INFO - PROGRESS: pass 4, at document #223/223
2025-11-15 21:11:23,604 - INFO - optimized alpha [np.float32(0.15106595), np.float32(0.14618693)]
2025-11-15 21:11:23,604 - INFO - merging changes from 23 documents into a model of 223 documents
2025-11-15 21:11:23,606 - INFO - topic #0 (0.151): 0.004*"removal" + 0.004*"catalyst" + 0.004*"biorefinery" + 0.004*"bioresour_technol" + 0.003*"hydrogen" + 0.003*"reaction" + 0.003*"synthesis" + 0.003*"acid" + 0.003*"utilize" + 0.003*"fatty_acid"
2025-11-15 21:11:23,606 - INFO - topic #1 (0.146): 0.006*"supply_chain" + 0.005*"scenario" + 0.003*"ethanol" + 0.003*"price" + 0.003*"capacity" + 0.003*"crop" + 0.003*"diﬀerent" + 0.003*"location" + 0.003*"unit" + 0.003*"diesel"
2025-11-15 21:11:23,606 - INFO - topic diff=0.260413, rho=0.371904
2025-11-15 21:11:23,610 - INFO - PROGRESS: pass 5, at document #100/223
2025-11-15 21:11:23,724 - INFO - optimized alpha [np.float32(0.18005714), np.float32(0.15982865)]
2025-11-15 21:11:23,724 - INFO - merging changes from 100 documents into a model of 223 documents
2025-11-15 21:11:23,726 - INFO - topic #0 (0.180): 0.004*"removal" + 0.004*"catalyst" + 0.004*"bioresour_technol" + 0.004*"hydrogen" + 0.003*"biorefinery" + 0.003*"acid" + 0.003*"biogas" + 0.003*"reaction" + 0.003*"efficiency" + 0.003*"fatty_acid"
2025-11-15 21:11:23,726 - INFO - topic #1 (0.160): 0.005*"scenario" + 0.004*"supply_chain" + 0.003*"crop" + 0.003*"ethanol" + 0.003*"policy" + 0.003*"diesel" + 0.003*"price" + 0.003*"unit" + 0.003*"country" + 0.003*"capacity"
2025-11-15 21:11:23,726 - INFO - topic diff=0.189866, rho=0.348578
2025-11-15 21:11:23,731 - INFO - PROGRESS: pass 5, at document #200/223
2025-11-15 21:11:23,835 - INFO - optimized alpha [np.float32(0.20735575), np.float32(0.18139851)]
2025-11-15 21:11:23,835 - INFO - merging changes from 100 documents into a model of 223 documents
2025-11-15 21:11:23,836 - INFO - topic #0 (0.207): 0.004*"removal" + 0.004*"hydrogen" + 0.004*"catalyst" + 0.004*"bioresour_technol" + 0.003*"biorefinery" + 0.003*"biogas" + 0.003*"acid" + 0.003*"efficiency" + 0.003*"reaction" + 0.003*"bioethanol"
2025-11-15 21:11:23,836 - INFO - topic #1 (0.181): 0.004*"scenario" + 0.004*"policy" + 0.004*"ethanol" + 0.003*"crop" + 0.003*"supply_chain" + 0.003*"diesel" + 0.003*"country" + 0.003*"price" + 0.003*"unit" + 0.003*"efﬁciency"
2025-11-15 21:11:23,836 - INFO - topic diff=0.170909, rho=0.348578
2025-11-15 21:11:23,917 - INFO - -7.977 per-word bound, 251.9 perplexity estimate based on a held-out corpus of 23 documents with 58046 words
2025-11-15 21:11:23,917 - INFO - PROGRESS: pass 5, at document #223/223
2025-11-15 21:11:23,940 - INFO - optimized alpha [np.float32(0.16016313), np.float32(0.15224926)]
2025-11-15 21:11:23,940 - INFO - merging changes from 23 documents into a model of 223 documents
2025-11-15 21:11:23,941 - INFO - topic #0 (0.160): 0.004*"removal" + 0.004*"catalyst" + 0.004*"biorefinery" + 0.004*"bioresour_technol" + 0.004*"hydrogen" + 0.003*"reaction" + 0.003*"synthesis" + 0.003*"acid" + 0.003*"utilize" + 0.003*"fatty_acid"
2025-11-15 21:11:23,941 - INFO - topic #1 (0.152): 0.006*"supply_chain" + 0.005*"scenario" + 0.003*"ethanol" + 0.003*"price" + 0.003*"capacity" + 0.003*"crop" + 0.003*"diﬀerent" + 0.003*"unit" + 0.003*"location" + 0.003*"diesel"
2025-11-15 21:11:23,941 - INFO - topic diff=0.237491, rho=0.348578
2025-11-15 21:11:23,944 - INFO - PROGRESS: pass 6, at document #100/223
2025-11-15 21:11:24,055 - INFO - optimized alpha [np.float32(0.19075248), np.float32(0.16749217)]
2025-11-15 21:11:24,056 - INFO - merging changes from 100 documents into a model of 223 documents
2025-11-15 21:11:24,056 - INFO - topic #0 (0.191): 0.004*"removal" + 0.004*"catalyst" + 0.004*"bioresour_technol" + 0.004*"hydrogen" + 0.003*"biorefinery" + 0.003*"acid" + 0.003*"reaction" + 0.003*"biogas" + 0.003*"efficiency" + 0.003*"fatty_acid"
2025-11-15 21:11:24,056 - INFO - topic #1 (0.167): 0.005*"scenario" + 0.004*"supply_chain" + 0.004*"policy" + 0.003*"crop" + 0.003*"ethanol" + 0.003*"diesel" + 0.003*"price" + 0.003*"unit" + 0.003*"country" + 0.003*"capacity"
2025-11-15 21:11:24,058 - INFO - topic diff=0.175288, rho=0.329154
2025-11-15 21:11:24,061 - INFO - PROGRESS: pass 6, at document #200/223
2025-11-15 21:11:24,160 - INFO - optimized alpha [np.float32(0.21735074), np.float32(0.18787658)]
2025-11-15 21:11:24,161 - INFO - merging changes from 100 documents into a model of 223 documents
2025-11-15 21:11:24,161 - INFO - topic #0 (0.217): 0.004*"removal" + 0.004*"hydrogen" + 0.004*"catalyst" + 0.004*"bioresour_technol" + 0.003*"biorefinery" + 0.003*"acid" + 0.003*"biogas" + 0.003*"reaction" + 0.003*"efficiency" + 0.003*"bioethanol"
2025-11-15 21:11:24,161 - INFO - topic #1 (0.188): 0.004*"scenario" + 0.004*"policy" + 0.004*"ethanol" + 0.003*"crop" + 0.003*"supply_chain" + 0.003*"diesel" + 0.003*"country" + 0.003*"price" + 0.003*"unit" + 0.003*"estimate"
2025-11-15 21:11:24,161 - INFO - topic diff=0.159527, rho=0.329154
2025-11-15 21:11:24,246 - INFO - -7.973 per-word bound, 251.3 perplexity estimate based on a held-out corpus of 23 documents with 58046 words
2025-11-15 21:11:24,246 - INFO - PROGRESS: pass 6, at document #223/223
2025-11-15 21:11:24,270 - INFO - optimized alpha [np.float32(0.17047897), np.float32(0.16389163)]
2025-11-15 21:11:24,270 - INFO - merging changes from 23 documents into a model of 223 documents
2025-11-15 21:11:24,271 - INFO - topic #0 (0.170): 0.004*"removal" + 0.004*"catalyst" + 0.004*"biorefinery" + 0.004*"bioresour_technol" + 0.004*"hydrogen" + 0.003*"reaction" + 0.003*"synthesis" + 0.003*"acid" + 0.003*"utilize" + 0.003*"fatty_acid"
2025-11-15 21:11:24,271 - INFO - topic #1 (0.164): 0.006*"supply_chain" + 0.005*"scenario" + 0.003*"ethanol" + 0.003*"price" + 0.003*"capacity" + 0.003*"crop" + 0.003*"unit" + 0.003*"diﬀerent" + 0.003*"location" + 0.003*"diesel"
2025-11-15 21:11:24,271 - INFO - topic diff=0.219745, rho=0.329154
2025-11-15 21:11:24,276 - INFO - PROGRESS: pass 7, at document #100/223
2025-11-15 21:11:24,379 - INFO - optimized alpha [np.float32(0.20071128), np.float32(0.1777037)]
2025-11-15 21:11:24,380 - INFO - merging changes from 100 documents into a model of 223 documents
2025-11-15 21:11:24,380 - INFO - topic #0 (0.201): 0.004*"removal" + 0.004*"catalyst" + 0.004*"bioresour_technol" + 0.004*"hydrogen" + 0.003*"biorefinery" + 0.003*"acid" + 0.003*"reaction" + 0.003*"biogas" + 0.003*"efficiency" + 0.003*"fatty_acid"
2025-11-15 21:11:24,380 - INFO - topic #1 (0.178): 0.005*"scenario" + 0.005*"supply_chain" + 0.004*"policy" + 0.004*"crop" + 0.003*"ethanol" + 0.003*"diesel" + 0.003*"price" + 0.003*"unit" + 0.003*"country" + 0.003*"capacity"
2025-11-15 21:11:24,380 - INFO - topic diff=0.163600, rho=0.312653
2025-11-15 21:11:24,385 - INFO - PROGRESS: pass 7, at document #200/223
2025-11-15 21:11:24,485 - INFO - optimized alpha [np.float32(0.22658317), np.float32(0.19676065)]
2025-11-15 21:11:24,485 - INFO - merging changes from 100 documents into a model of 223 documents
2025-11-15 21:11:24,486 - INFO - topic #0 (0.227): 0.004*"removal" + 0.004*"hydrogen" + 0.004*"catalyst" + 0.004*"bioresour_technol" + 0.003*"biorefinery" + 0.003*"acid" + 0.003*"reaction" + 0.003*"biogas" + 0.003*"efficiency" + 0.003*"bioethanol"
2025-11-15 21:11:24,486 - INFO - topic #1 (0.197): 0.004*"scenario" + 0.004*"policy" + 0.003*"ethanol" + 0.003*"crop" + 0.003*"supply_chain" + 0.003*"country" + 0.003*"diesel" + 0.003*"price" + 0.003*"unit" + 0.003*"estimate"
2025-11-15 21:11:24,486 - INFO - topic diff=0.150204, rho=0.312653
2025-11-15 21:11:24,566 - INFO - -7.970 per-word bound, 250.7 perplexity estimate based on a held-out corpus of 23 documents with 58046 words
2025-11-15 21:11:24,567 - INFO - PROGRESS: pass 7, at document #223/223
2025-11-15 21:11:24,587 - INFO - optimized alpha [np.float32(0.177916), np.float32(0.17098221)]
2025-11-15 21:11:24,587 - INFO - merging changes from 23 documents into a model of 223 documents
2025-11-15 21:11:24,589 - INFO - topic #0 (0.178): 0.004*"removal" + 0.004*"catalyst" + 0.004*"biorefinery" + 0.004*"bioresour_technol" + 0.004*"hydrogen" + 0.004*"reaction" + 0.003*"synthesis" + 0.003*"acid" + 0.003*"utilize" + 0.003*"fatty_acid"
2025-11-15 21:11:24,589 - INFO - topic #1 (0.171): 0.006*"supply_chain" + 0.005*"scenario" + 0.003*"price" + 0.003*"ethanol" + 0.003*"capacity" + 0.003*"crop" + 0.003*"unit" + 0.003*"diﬀerent" + 0.003*"location" + 0.003*"diesel"
2025-11-15 21:11:24,589 - INFO - topic diff=0.205496, rho=0.312653
2025-11-15 21:11:24,592 - INFO - PROGRESS: pass 8, at document #100/223
2025-11-15 21:11:24,694 - INFO - optimized alpha [np.float32(0.20753384), np.float32(0.18366505)]
2025-11-15 21:11:24,695 - INFO - merging changes from 100 documents into a model of 223 documents
2025-11-15 21:11:24,695 - INFO - topic #0 (0.208): 0.004*"removal" + 0.004*"catalyst" + 0.004*"bioresour_technol" + 0.004*"hydrogen" + 0.003*"biorefinery" + 0.003*"reaction" + 0.003*"acid" + 0.003*"biogas" + 0.003*"fatty_acid" + 0.003*"efficiency"
2025-11-15 21:11:24,695 - INFO - topic #1 (0.184): 0.005*"scenario" + 0.005*"supply_chain" + 0.004*"policy" + 0.004*"crop" + 0.003*"ethanol" + 0.003*"price" + 0.003*"diesel" + 0.003*"unit" + 0.003*"country" + 0.003*"capacity"
2025-11-15 21:11:24,695 - INFO - topic diff=0.153945, rho=0.298408
2025-11-15 21:11:24,700 - INFO - PROGRESS: pass 8, at document #200/223
2025-11-15 21:11:24,802 - INFO - optimized alpha [np.float32(0.23578058), np.float32(0.20262776)]
2025-11-15 21:11:24,803 - INFO - merging changes from 100 documents into a model of 223 documents
2025-11-15 21:11:24,803 - INFO - topic #0 (0.236): 0.004*"removal" + 0.004*"hydrogen" + 0.004*"catalyst" + 0.004*"bioresour_technol" + 0.003*"biorefinery" + 0.003*"reaction" + 0.003*"acid" + 0.003*"biogas" + 0.003*"efficiency" + 0.003*"bioethanol"
2025-11-15 21:11:24,803 - INFO - topic #1 (0.203): 0.004*"scenario" + 0.004*"policy" + 0.004*"supply_chain" + 0.003*"crop" + 0.003*"ethanol" + 0.003*"country" + 0.003*"diesel" + 0.003*"price" + 0.003*"unit" + 0.003*"estimate"
2025-11-15 21:11:24,804 - INFO - topic diff=0.142238, rho=0.298408
2025-11-15 21:11:24,882 - INFO - -7.968 per-word bound, 250.3 perplexity estimate based on a held-out corpus of 23 documents with 58046 words
2025-11-15 21:11:24,884 - INFO - PROGRESS: pass 8, at document #223/223
2025-11-15 21:11:24,904 - INFO - optimized alpha [np.float32(0.18478623), np.float32(0.17596771)]
2025-11-15 21:11:24,904 - INFO - merging changes from 23 documents into a model of 223 documents
2025-11-15 21:11:24,905 - INFO - topic #0 (0.185): 0.004*"removal" + 0.004*"catalyst" + 0.004*"bioresour_technol" + 0.004*"biorefinery" + 0.004*"hydrogen" + 0.004*"reaction" + 0.003*"synthesis" + 0.003*"acid" + 0.003*"utilize" + 0.003*"fatty_acid"
2025-11-15 21:11:24,905 - INFO - topic #1 (0.176): 0.006*"supply_chain" + 0.006*"scenario" + 0.003*"price" + 0.003*"ethanol" + 0.003*"crop" + 0.003*"capacity" + 0.003*"unit" + 0.003*"diﬀerent" + 0.003*"location" + 0.003*"policy"
2025-11-15 21:11:24,905 - INFO - topic diff=0.193747, rho=0.298408
2025-11-15 21:11:24,909 - INFO - PROGRESS: pass 9, at document #100/223
2025-11-15 21:11:25,010 - INFO - optimized alpha [np.float32(0.21426958), np.float32(0.18892728)]
2025-11-15 21:11:25,012 - INFO - merging changes from 100 documents into a model of 223 documents
2025-11-15 21:11:25,012 - INFO - topic #0 (0.214): 0.004*"removal" + 0.004*"catalyst" + 0.004*"bioresour_technol" + 0.004*"hydrogen" + 0.003*"reaction" + 0.003*"biorefinery" + 0.003*"acid" + 0.003*"biogas" + 0.003*"fatty_acid" + 0.003*"utilize"
2025-11-15 21:11:25,013 - INFO - topic #1 (0.189): 0.005*"scenario" + 0.005*"supply_chain" + 0.004*"policy" + 0.004*"crop" + 0.003*"ethanol" + 0.003*"price" + 0.003*"diesel" + 0.003*"unit" + 0.003*"country" + 0.003*"capacity"
2025-11-15 21:11:25,013 - INFO - topic diff=0.145773, rho=0.285948
2025-11-15 21:11:25,016 - INFO - PROGRESS: pass 9, at document #200/223
2025-11-15 21:11:25,113 - INFO - optimized alpha [np.float32(0.24247381), np.float32(0.2081707)]
2025-11-15 21:11:25,115 - INFO - merging changes from 100 documents into a model of 223 documents
2025-11-15 21:11:25,115 - INFO - topic #0 (0.242): 0.004*"removal" + 0.004*"hydrogen" + 0.004*"catalyst" + 0.004*"bioresour_technol" + 0.003*"biorefinery" + 0.003*"reaction" + 0.003*"acid" + 0.003*"biogas" + 0.003*"efficiency" + 0.003*"bioethanol"
2025-11-15 21:11:25,116 - INFO - topic #1 (0.208): 0.004*"scenario" + 0.004*"policy" + 0.004*"supply_chain" + 0.003*"crop" + 0.003*"ethanol" + 0.003*"country" + 0.003*"price" + 0.003*"diesel" + 0.003*"unit" + 0.003*"estimate"
2025-11-15 21:11:25,116 - INFO - topic diff=0.135437, rho=0.285948
2025-11-15 21:11:25,195 - INFO - -7.965 per-word bound, 249.9 perplexity estimate based on a held-out corpus of 23 documents with 58046 words
2025-11-15 21:11:25,195 - INFO - PROGRESS: pass 9, at document #223/223
2025-11-15 21:11:25,215 - INFO - optimized alpha [np.float32(0.19047216), np.float32(0.18060717)]
2025-11-15 21:11:25,215 - INFO - merging changes from 23 documents into a model of 223 documents
2025-11-15 21:11:25,217 - INFO - topic #0 (0.190): 0.004*"removal" + 0.004*"catalyst" + 0.004*"bioresour_technol" + 0.004*"biorefinery" + 0.004*"hydrogen" + 0.004*"reaction" + 0.003*"synthesis" + 0.003*"acid" + 0.003*"utilize" + 0.003*"fatty_acid"
2025-11-15 21:11:25,217 - INFO - topic #1 (0.181): 0.006*"supply_chain" + 0.006*"scenario" + 0.003*"price" + 0.003*"ethanol" + 0.003*"crop" + 0.003*"capacity" + 0.003*"unit" + 0.003*"diﬀerent" + 0.003*"location" + 0.003*"policy"
2025-11-15 21:11:25,217 - INFO - topic diff=0.183860, rho=0.285948
2025-11-15 21:11:25,221 - INFO - LdaModel lifecycle event {'msg': 'trained LdaModel<num_terms=10167, num_topics=2, decay=0.5, chunksize=100> in 4.37s', 'datetime': '2025-11-15T21:11:25.221852', 'gensim': '4.4.0', 'python': '3.12.10 (tags/v3.12.10:0cc8128, Apr  8 2025, 12:21:36) [MSC v.1943 64 bit (AMD64)]', 'platform': 'Windows-11-10.0.26100-SP0', 'event': 'created'}
2025-11-15 21:11:25,222 - INFO - using ParallelWordOccurrenceAccumulator<processes=11, batch_size=64> to estimate probabilities from sliding windows
